<?xml version="1.0" encoding="UTF-8"?>
<!-- Generated by org.testng.reporters.JUnitReportReporter -->
<testsuite hostname="BLT140018" name="com.core.restapi.RESTApiProject.testcases.ParkVacateGetStatusByRNAndColor" tests="1" failures="0" timestamp="20 Apr 2017 20:09:03 GMT" time="2.645" errors="0">
  <testcase name="ParkVacateGetStatusByRNAndColorTest" time="2.645" classname="com.core.restapi.RESTApiProject.testcases.ParkVacateGetStatusByRNAndColor"/>
</testsuite> <!-- com.core.restapi.RESTApiProject.testcases.ParkVacateGetStatusByRNAndColor -->
