<?xml version="1.0" encoding="UTF-8"?>
<!-- Generated by org.testng.reporters.JUnitReportReporter -->
<testsuite hostname="BLT140018" name="com.core.restapi.RESTApiProject.testcases.ParkingStatus" tests="3" failures="0" timestamp="12 Apr 2017 17:46:33 GMT" time="1.561" errors="0">
  <testcase name="ParkingStatusTest" time="0.515" classname="com.core.restapi.RESTApiProject.testcases.ParkingStatus"/>
  <testcase name="ParkingStatusTest" time="0.512" classname="com.core.restapi.RESTApiProject.testcases.ParkingStatus"/>
  <testcase name="ParkingStatusTest" time="0.534" classname="com.core.restapi.RESTApiProject.testcases.ParkingStatus"/>
</testsuite> <!-- com.core.restapi.RESTApiProject.testcases.ParkingStatus -->
