<?xml version="1.0" encoding="UTF-8"?>
<!-- Generated by org.testng.reporters.JUnitReportReporter -->
<testsuite hostname="BLT140018" name="com.core.restapi.RESTApiProject.testcases.ParkVacateGetStatus" tests="1" failures="0" timestamp="20 Apr 2017 20:09:03 GMT" time="4.442" errors="0">
  <testcase name="ParkVacateGetStatusTest" time="4.442" classname="com.core.restapi.RESTApiProject.testcases.ParkVacateGetStatus"/>
</testsuite> <!-- com.core.restapi.RESTApiProject.testcases.ParkVacateGetStatus -->
