<?xml version="1.0" encoding="UTF-8"?>
<!-- Generated by org.testng.reporters.JUnitReportReporter -->
<testsuite hostname="BLT140018" name="com.core.restapi.RESTApiProject.testcases.getSlotNumber" tests="5" failures="0" timestamp="20 Apr 2017 20:09:03 GMT" time="2.526" errors="0">
  <testcase name="getSlotNumberTest" time="0.523" classname="com.core.restapi.RESTApiProject.testcases.getSlotNumber"/>
  <testcase name="getSlotNumberTest" time="0.514" classname="com.core.restapi.RESTApiProject.testcases.getSlotNumber"/>
  <testcase name="getSlotNumberTest" time="0.511" classname="com.core.restapi.RESTApiProject.testcases.getSlotNumber"/>
  <testcase name="getSlotNumberTest" time="0.469" classname="com.core.restapi.RESTApiProject.testcases.getSlotNumber"/>
  <testcase name="getSlotNumberTest" time="0.509" classname="com.core.restapi.RESTApiProject.testcases.getSlotNumber"/>
</testsuite> <!-- com.core.restapi.RESTApiProject.testcases.getSlotNumber -->
