<?xml version="1.0" encoding="UTF-8"?>
<!-- Generated by org.testng.reporters.JUnitReportReporter -->
<testsuite hostname="BLT140018" name="com.core.restapi.RESTApiProject.testcases.validateNearestParking" tests="1" failures="0" timestamp="20 Apr 2017 20:09:03 GMT" time="3.531" errors="0">
  <testcase name="validateNearestParkingTest" time="3.531" classname="com.core.restapi.RESTApiProject.testcases.validateNearestParking"/>
</testsuite> <!-- com.core.restapi.RESTApiProject.testcases.validateNearestParking -->
