<?xml version="1.0" encoding="UTF-8"?>
<!-- Generated by org.testng.reporters.JUnitReportReporter -->
<testsuite hostname="BLT140018" name="com.core.restapi.RESTApiProject.testcases.CreateParking" tests="7" failures="0" timestamp="20 Apr 2017 20:09:03 GMT" time="3.593" errors="0">
  <testcase name="CreateParkingTest" time="0.490" classname="com.core.restapi.RESTApiProject.testcases.CreateParking"/>
  <testcase name="CreateParkingTest" time="0.513" classname="com.core.restapi.RESTApiProject.testcases.CreateParking"/>
  <testcase name="CreateParkingTest" time="0.516" classname="com.core.restapi.RESTApiProject.testcases.CreateParking"/>
  <testcase name="CreateParkingTest" time="0.510" classname="com.core.restapi.RESTApiProject.testcases.CreateParking"/>
  <testcase name="CreateParkingTest" time="0.510" classname="com.core.restapi.RESTApiProject.testcases.CreateParking"/>
  <testcase name="CreateParkingTest" time="0.526" classname="com.core.restapi.RESTApiProject.testcases.CreateParking"/>
  <testcase name="CreateParkingTest" time="0.528" classname="com.core.restapi.RESTApiProject.testcases.CreateParking"/>
</testsuite> <!-- com.core.restapi.RESTApiProject.testcases.CreateParking -->
