<?xml version="1.0" encoding="UTF-8"?>
<!-- Generated by org.testng.reporters.JUnitReportReporter -->
<testsuite hostname="BLT140018" name="com.core.restapi.RESTApiProject.testcases.noParkedandVacate" tests="1" failures="0" timestamp="20 Apr 2017 20:09:03 GMT" time="1.390" errors="0">
  <testcase name="noParkedandVacateTest" time="1.390" classname="com.core.restapi.RESTApiProject.testcases.noParkedandVacate"/>
</testsuite> <!-- com.core.restapi.RESTApiProject.testcases.noParkedandVacate -->
