<?xml version="1.0" encoding="UTF-8"?>
<!-- Generated by org.testng.reporters.JUnitReportReporter -->
<testsuite hostname="BLT140018" name="com.core.restapi.RESTApiProject.testcases.getSlotNumber" tests="5" failures="0" timestamp="12 Apr 2017 17:46:33 GMT" time="2.560" errors="0">
  <testcase name="getSlotNumberTest" time="0.507" classname="com.core.restapi.RESTApiProject.testcases.getSlotNumber"/>
  <testcase name="getSlotNumberTest" time="0.521" classname="com.core.restapi.RESTApiProject.testcases.getSlotNumber"/>
  <testcase name="getSlotNumberTest" time="0.503" classname="com.core.restapi.RESTApiProject.testcases.getSlotNumber"/>
  <testcase name="getSlotNumberTest" time="0.504" classname="com.core.restapi.RESTApiProject.testcases.getSlotNumber"/>
  <testcase name="getSlotNumberTest" time="0.525" classname="com.core.restapi.RESTApiProject.testcases.getSlotNumber"/>
</testsuite> <!-- com.core.restapi.RESTApiProject.testcases.getSlotNumber -->
