<?xml version="1.0" encoding="UTF-8"?>
<!-- Generated by org.testng.reporters.JUnitReportReporter -->
<testsuite hostname="BLT140018" name="com.core.restapi.RESTApiProject.testcases.vacateParking" tests="3" failures="0" timestamp="12 Apr 2017 17:46:33 GMT" time="1.470" errors="0">
  <testcase name="vacateParkingTest" time="0.512" classname="com.core.restapi.RESTApiProject.testcases.vacateParking"/>
  <testcase name="vacateParkingTest" time="0.487" classname="com.core.restapi.RESTApiProject.testcases.vacateParking"/>
  <testcase name="vacateParkingTest" time="0.471" classname="com.core.restapi.RESTApiProject.testcases.vacateParking"/>
</testsuite> <!-- com.core.restapi.RESTApiProject.testcases.vacateParking -->
