<?xml version="1.0" encoding="UTF-8"?>
<!-- Generated by org.testng.reporters.JUnitReportReporter -->
<testsuite hostname="BLT140018" name="com.core.restapi.RESTApiProject.testcases.InfoByColor" tests="4" failures="0" timestamp="20 Apr 2017 20:09:03 GMT" time="2.035" errors="0">
  <testcase name="registerParkingTest" time="0.499" classname="com.core.restapi.RESTApiProject.testcases.InfoByColor"/>
  <testcase name="registerParkingTest" time="0.545" classname="com.core.restapi.RESTApiProject.testcases.InfoByColor"/>
  <testcase name="registerParkingTest" time="0.478" classname="com.core.restapi.RESTApiProject.testcases.InfoByColor"/>
  <testcase name="registerParkingTest" time="0.513" classname="com.core.restapi.RESTApiProject.testcases.InfoByColor"/>
</testsuite> <!-- com.core.restapi.RESTApiProject.testcases.InfoByColor -->
