<?xml version="1.0" encoding="UTF-8"?>
<!-- Generated by org.testng.reporters.JUnitReportReporter -->
<testsuite hostname="BLT140018" name="com.core.restapi.RESTApiProject.testcases.CreateParking" tests="7" failures="0" timestamp="12 Apr 2017 17:46:33 GMT" time="3.548" errors="0">
  <testcase name="CreateParkingTest" time="0.530" classname="com.core.restapi.RESTApiProject.testcases.CreateParking"/>
  <testcase name="CreateParkingTest" time="0.489" classname="com.core.restapi.RESTApiProject.testcases.CreateParking"/>
  <testcase name="CreateParkingTest" time="0.507" classname="com.core.restapi.RESTApiProject.testcases.CreateParking"/>
  <testcase name="CreateParkingTest" time="0.521" classname="com.core.restapi.RESTApiProject.testcases.CreateParking"/>
  <testcase name="CreateParkingTest" time="0.524" classname="com.core.restapi.RESTApiProject.testcases.CreateParking"/>
  <testcase name="CreateParkingTest" time="0.487" classname="com.core.restapi.RESTApiProject.testcases.CreateParking"/>
  <testcase name="CreateParkingTest" time="0.490" classname="com.core.restapi.RESTApiProject.testcases.CreateParking"/>
</testsuite> <!-- com.core.restapi.RESTApiProject.testcases.CreateParking -->
