<?xml version="1.0" encoding="UTF-8"?>
<!-- Generated by org.testng.reporters.JUnitReportReporter -->
<testsuite hostname="BLT140018" name="com.core.restapi.RESTApiProject.testcases.InfoByColor" tests="4" failures="0" timestamp="12 Apr 2017 17:46:33 GMT" time="2.086" errors="0">
  <testcase name="registerParkingTest" time="0.535" classname="com.core.restapi.RESTApiProject.testcases.InfoByColor"/>
  <testcase name="registerParkingTest" time="0.559" classname="com.core.restapi.RESTApiProject.testcases.InfoByColor"/>
  <testcase name="registerParkingTest" time="0.497" classname="com.core.restapi.RESTApiProject.testcases.InfoByColor"/>
  <testcase name="registerParkingTest" time="0.495" classname="com.core.restapi.RESTApiProject.testcases.InfoByColor"/>
</testsuite> <!-- com.core.restapi.RESTApiProject.testcases.InfoByColor -->
