<?xml version="1.0" encoding="UTF-8"?>
<!-- Generated by org.testng.reporters.JUnitReportReporter -->
<testsuite hostname="BLT140018" name="com.core.restapi.RESTApiProject.testcases.ParkACar" tests="6" failures="0" timestamp="12 Apr 2017 17:46:33 GMT" time="3.034" errors="0">
  <testcase name="ParkACarTest" time="0.491" classname="com.core.restapi.RESTApiProject.testcases.ParkACar"/>
  <testcase name="ParkACarTest" time="0.508" classname="com.core.restapi.RESTApiProject.testcases.ParkACar"/>
  <testcase name="ParkACarTest" time="0.488" classname="com.core.restapi.RESTApiProject.testcases.ParkACar"/>
  <testcase name="ParkACarTest" time="0.544" classname="com.core.restapi.RESTApiProject.testcases.ParkACar"/>
  <testcase name="ParkACarTest" time="0.516" classname="com.core.restapi.RESTApiProject.testcases.ParkACar"/>
  <testcase name="ParkACarTest" time="0.487" classname="com.core.restapi.RESTApiProject.testcases.ParkACar"/>
</testsuite> <!-- com.core.restapi.RESTApiProject.testcases.ParkACar -->
