<?xml version="1.0" encoding="UTF-8"?>
<!-- Generated by org.testng.reporters.JUnitReportReporter -->
<testsuite hostname="BLT140018" name="com.core.restapi.RESTApiProject.testcases.ParkACar" tests="6" failures="0" timestamp="20 Apr 2017 20:09:03 GMT" time="3.112" errors="0">
  <testcase name="ParkACarTest" time="0.524" classname="com.core.restapi.RESTApiProject.testcases.ParkACar"/>
  <testcase name="ParkACarTest" time="0.542" classname="com.core.restapi.RESTApiProject.testcases.ParkACar"/>
  <testcase name="ParkACarTest" time="0.512" classname="com.core.restapi.RESTApiProject.testcases.ParkACar"/>
  <testcase name="ParkACarTest" time="0.515" classname="com.core.restapi.RESTApiProject.testcases.ParkACar"/>
  <testcase name="ParkACarTest" time="0.525" classname="com.core.restapi.RESTApiProject.testcases.ParkACar"/>
  <testcase name="ParkACarTest" time="0.494" classname="com.core.restapi.RESTApiProject.testcases.ParkACar"/>
</testsuite> <!-- com.core.restapi.RESTApiProject.testcases.ParkACar -->
