<?xml version="1.0" encoding="UTF-8"?>
<!-- Generated by org.testng.reporters.JUnitReportReporter -->
<testsuite hostname="BLT140018" name="com.core.restapi.RESTApiProject.testcases.ParkACar" tests="6" failures="0" timestamp="12 Apr 2017 06:36:44 GMT" time="3.159" errors="0">
  <testcase name="ParkACarTest" time="0.523" classname="com.core.restapi.RESTApiProject.testcases.ParkACar"/>
  <testcase name="ParkACarTest" time="0.523" classname="com.core.restapi.RESTApiProject.testcases.ParkACar"/>
  <testcase name="ParkACarTest" time="0.513" classname="com.core.restapi.RESTApiProject.testcases.ParkACar"/>
  <testcase name="ParkACarTest" time="0.520" classname="com.core.restapi.RESTApiProject.testcases.ParkACar"/>
  <testcase name="ParkACarTest" time="0.530" classname="com.core.restapi.RESTApiProject.testcases.ParkACar"/>
  <testcase name="ParkACarTest" time="0.550" classname="com.core.restapi.RESTApiProject.testcases.ParkACar"/>
</testsuite> <!-- com.core.restapi.RESTApiProject.testcases.ParkACar -->
