<?xml version="1.0" encoding="UTF-8"?>
<!-- Generated by org.testng.reporters.JUnitReportReporter -->
<testsuite hostname="BLT140018" name="com.core.restapi.RESTApiProject.testcases.registerParkingLot" tests="4" failures="0" timestamp="12 Apr 2017 17:46:33 GMT" time="2.741" errors="0">
  <testcase name="registerParkingTest" time="1.151" classname="com.core.restapi.RESTApiProject.testcases.registerParkingLot"/>
  <testcase name="registerParkingTest" time="0.542" classname="com.core.restapi.RESTApiProject.testcases.registerParkingLot"/>
  <testcase name="registerParkingTest" time="0.502" classname="com.core.restapi.RESTApiProject.testcases.registerParkingLot"/>
  <testcase name="registerParkingTest" time="0.546" classname="com.core.restapi.RESTApiProject.testcases.registerParkingLot"/>
</testsuite> <!-- com.core.restapi.RESTApiProject.testcases.registerParkingLot -->
