<?xml version="1.0" encoding="UTF-8"?>
<!-- Generated by org.testng.reporters.JUnitReportReporter -->
<testsuite hostname="BLT140018" name="com.core.restapi.RESTApiProject.testcases.InfoByColor" tests="4" failures="0" timestamp="12 Apr 2017 06:36:44 GMT" time="2.064" errors="0">
  <testcase name="registerParkingTest" time="0.532" classname="com.core.restapi.RESTApiProject.testcases.InfoByColor"/>
  <testcase name="registerParkingTest" time="0.522" classname="com.core.restapi.RESTApiProject.testcases.InfoByColor"/>
  <testcase name="registerParkingTest" time="0.516" classname="com.core.restapi.RESTApiProject.testcases.InfoByColor"/>
  <testcase name="registerParkingTest" time="0.494" classname="com.core.restapi.RESTApiProject.testcases.InfoByColor"/>
</testsuite> <!-- com.core.restapi.RESTApiProject.testcases.InfoByColor -->
