<?xml version="1.0" encoding="UTF-8"?>
<!-- Generated by org.testng.reporters.JUnitReportReporter -->
<testsuite hostname="BLT140018" name="com.core.restapi.RESTApiProject.testcases.CreateParking" tests="7" failures="0" timestamp="12 Apr 2017 09:42:45 GMT" time="3.741" errors="0">
  <testcase name="CreateParkingTest" time="0.545" classname="com.core.restapi.RESTApiProject.testcases.CreateParking"/>
  <testcase name="CreateParkingTest" time="0.549" classname="com.core.restapi.RESTApiProject.testcases.CreateParking"/>
  <testcase name="CreateParkingTest" time="0.494" classname="com.core.restapi.RESTApiProject.testcases.CreateParking"/>
  <testcase name="CreateParkingTest" time="0.541" classname="com.core.restapi.RESTApiProject.testcases.CreateParking"/>
  <testcase name="CreateParkingTest" time="0.542" classname="com.core.restapi.RESTApiProject.testcases.CreateParking"/>
  <testcase name="CreateParkingTest" time="0.534" classname="com.core.restapi.RESTApiProject.testcases.CreateParking"/>
  <testcase name="CreateParkingTest" time="0.536" classname="com.core.restapi.RESTApiProject.testcases.CreateParking"/>
</testsuite> <!-- com.core.restapi.RESTApiProject.testcases.CreateParking -->
