<?xml version="1.0" encoding="UTF-8"?>
<!-- Generated by org.testng.reporters.JUnitReportReporter -->
<testsuite hostname="BLT140018" name="com.core.restapi.RESTApiProject.testcases.ParkingStatus" tests="3" failures="0" timestamp="12 Apr 2017 09:42:45 GMT" time="1.569" errors="0">
  <testcase name="ParkingStatusTest" time="0.553" classname="com.core.restapi.RESTApiProject.testcases.ParkingStatus"/>
  <testcase name="ParkingStatusTest" time="0.497" classname="com.core.restapi.RESTApiProject.testcases.ParkingStatus"/>
  <testcase name="ParkingStatusTest" time="0.519" classname="com.core.restapi.RESTApiProject.testcases.ParkingStatus"/>
</testsuite> <!-- com.core.restapi.RESTApiProject.testcases.ParkingStatus -->
