<?xml version="1.0" encoding="UTF-8"?>
<!-- Generated by org.testng.reporters.JUnitReportReporter -->
<testsuite hostname="BLT140018" name="com.core.restapi.RESTApiProject.testcases.vacateParking" tests="3" failures="0" timestamp="12 Apr 2017 09:42:45 GMT" time="1.532" errors="0">
  <testcase name="vacateParkingTest" time="0.478" classname="com.core.restapi.RESTApiProject.testcases.vacateParking"/>
  <testcase name="vacateParkingTest" time="0.544" classname="com.core.restapi.RESTApiProject.testcases.vacateParking"/>
  <testcase name="vacateParkingTest" time="0.510" classname="com.core.restapi.RESTApiProject.testcases.vacateParking"/>
</testsuite> <!-- com.core.restapi.RESTApiProject.testcases.vacateParking -->
