<?xml version="1.0" encoding="UTF-8"?>
<!-- Generated by org.testng.reporters.JUnitReportReporter -->
<testsuite hostname="BLT140018" name="com.core.restapi.RESTApiProject.testcases.getSlotNumber" tests="5" failures="0" timestamp="12 Apr 2017 09:42:45 GMT" time="2.605" errors="0">
  <testcase name="getSlotNumberTest" time="0.544" classname="com.core.restapi.RESTApiProject.testcases.getSlotNumber"/>
  <testcase name="getSlotNumberTest" time="0.536" classname="com.core.restapi.RESTApiProject.testcases.getSlotNumber"/>
  <testcase name="getSlotNumberTest" time="0.532" classname="com.core.restapi.RESTApiProject.testcases.getSlotNumber"/>
  <testcase name="getSlotNumberTest" time="0.494" classname="com.core.restapi.RESTApiProject.testcases.getSlotNumber"/>
  <testcase name="getSlotNumberTest" time="0.499" classname="com.core.restapi.RESTApiProject.testcases.getSlotNumber"/>
</testsuite> <!-- com.core.restapi.RESTApiProject.testcases.getSlotNumber -->
