<?xml version="1.0" encoding="UTF-8"?>
<!-- Generated by org.testng.reporters.JUnitReportReporter -->
<testsuite hostname="BLT140018" name="com.core.restapi.RESTApiProject.testcases.registerParkingLot" tests="4" failures="0" timestamp="11 Apr 2017 19:45:26 GMT" time="2.702" errors="0">
  <testcase name="registerParkingTest" time="0.531" classname="com.core.restapi.RESTApiProject.testcases.registerParkingLot"/>
  <testcase name="registerParkingTest" time="0.945" classname="com.core.restapi.RESTApiProject.testcases.registerParkingLot"/>
  <testcase name="registerParkingTest" time="0.684" classname="com.core.restapi.RESTApiProject.testcases.registerParkingLot"/>
  <testcase name="registerParkingTest" time="0.542" classname="com.core.restapi.RESTApiProject.testcases.registerParkingLot"/>
</testsuite> <!-- com.core.restapi.RESTApiProject.testcases.registerParkingLot -->
